Running Setup
(80,) (79,)
Setup Complete
Allgather Now!
Allgather Now!
/home1/ktmoore1/OpenMDAO_Beta/Plugins/amd_om/amd_om/design/multi_adflow_group.py:81: DeprecationWarning: In declaration of option 'flight_conditions' the '_type' arg is deprecated.  Use 'types' instead.
  self.metadata.declare('flight_conditions', type_=dict)
/home1/ktmoore1/OpenMDAO_Beta/Plugins/amd_om/amd_om/design/multi_adflow_group.py:82: DeprecationWarning: In declaration of option 'aircraft_data' the '_type' arg is deprecated.  Use 'types' instead.
  self.metadata.declare('aircraft_data', type_=dict)
/home1/ktmoore1/OpenMDAO_Beta/Plugins/amd_om/amd_om/design/multi_adflow_group.py:83: DeprecationWarning: In declaration of option 'aeroOptions' the '_type' arg is deprecated.  Use 'types' instead.
  self.metadata.declare('aeroOptions', type_=dict)
/home1/ktmoore1/OpenMDAO_Beta/Plugins/amd_om/amd_om/design/multi_adflow_group.py:84: DeprecationWarning: In declaration of option 'meshOptions' the '_type' arg is deprecated.  Use 'types' instead.
  self.metadata.declare('meshOptions', type_=dict)
/home1/ktmoore1/OpenMDAO_Beta/AMIEGO-AMD-OpenMDAO/economy.py:87: DeprecationWarning: In declaration of option 'general_allocation_data' the '_type' arg is deprecated.  Use 'types' instead.
  self.metadata.declare('general_allocation_data', type_=dict)
/home1/ktmoore1/OpenMDAO_Beta/AMIEGO-AMD-OpenMDAO/economy.py:88: DeprecationWarning: In declaration of option 'allocation_data' the '_type' arg is deprecated.  Use 'types' instead.
  self.metadata.declare('allocation_data', type_=dict)
/home1/ktmoore1/OpenMDAO_Beta/Plugins/amd_om/amd_om/mission_analysis/components/bspline_comp.py:14: DeprecationWarning: In declaration of option 'num_control_points' the '_type' arg is deprecated.  Use 'types' instead.
  self.metadata.declare('num_control_points', type_=int)
/home1/ktmoore1/OpenMDAO_Beta/Plugins/amd_om/amd_om/mission_analysis/components/bspline_comp.py:15: DeprecationWarning: In declaration of option 'num' the '_type' arg is deprecated.  Use 'types' instead.
  self.metadata.declare('num', type_=int)
/home1/ktmoore1/OpenMDAO_Beta/Plugins/amd_om/amd_om/mission_analysis/components/bspline_comp.py:16: DeprecationWarning: In declaration of option 'in_name' the '_type' arg is deprecated.  Use 'types' instead.
  self.metadata.declare('in_name', type_=str)
/home1/ktmoore1/OpenMDAO_Beta/Plugins/amd_om/amd_om/mission_analysis/components/bspline_comp.py:17: DeprecationWarning: In declaration of option 'out_name' the '_type' arg is deprecated.  Use 'types' instead.
  self.metadata.declare('out_name', type_=str)
/home1/ktmoore1/OpenMDAO_Beta/Plugins/amd_om/amd_om/mission_analysis/components/bspline_comp.py:14: DeprecationWarning: In declaration of option 'num_control_points' the '_type' arg is deprecated.  Use 'types' instead.
  self.metadata.declare('num_control_points', type_=int)
/home1/ktmoore1/OpenMDAO_Beta/Plugins/amd_om/amd_om/mission_analysis/components/bspline_comp.py:15: DeprecationWarning: In declaration of option 'num' the '_type' arg is deprecated.  Use 'types' instead.
  self.metadata.declare('num', type_=int)
/home1/ktmoore1/OpenMDAO_Beta/Plugins/amd_om/amd_om/mission_analysis/components/bspline_comp.py:16: DeprecationWarning: In declaration of option 'in_name' the '_type' arg is deprecated.  Use 'types' instead.
  self.metadata.declare('in_name', type_=str)
/home1/ktmoore1/OpenMDAO_Beta/Plugins/amd_om/amd_om/mission_analysis/components/bspline_comp.py:17: DeprecationWarning: In declaration of option 'out_name' the '_type' arg is deprecated.  Use 'types' instead.
  self.metadata.declare('out_name', type_=str)
/home1/ktmoore1/OpenMDAO_Beta/Plugins/amd_om/amd_om/mission_analysis/components/coupled_analysis/fuel_rate_comp.py:10: DeprecationWarning: In declaration of option 'num_nodes' the '_type' arg is deprecated.  Use 'types' instead.
  self.metadata.declare('num_nodes', type_=int)
/home1/ktmoore1/OpenMDAO_Beta/Plugins/amd_om/amd_om/mission_analysis/components/coupled_analysis/fuel_rate_comp.py:11: DeprecationWarning: In declaration of option 'ref_area_m2' the '_type' arg is deprecated.  Use 'types' instead.
  self.metadata.declare('ref_area_m2', default=10., type_=np.ScalarType)
/home1/ktmoore1/OpenMDAO_Beta/AMIEGO-AMD-OpenMDAO/economy.py:273: DeprecationWarning: In declaration of option 'general_allocation_data' the '_type' arg is deprecated.  Use 'types' instead.
  self.metadata.declare('general_allocation_data', type_=dict)
/home1/ktmoore1/OpenMDAO_Beta/AMIEGO-AMD-OpenMDAO/economy.py:274: DeprecationWarning: In declaration of option 'allocation_data' the '_type' arg is deprecated.  Use 'types' instead.
  self.metadata.declare('allocation_data', type_=dict)
Allgather Now!
NL: NLBJ Converged in 1 iterations
|  NL: NLBGS Converged in 12 iterations
NL: NLBJ Converged in 1 iterations
flt_day [[  0.   0.   0.]
 [  0.  12.   3.]
 [  4.   0.   6.]
 [  0.   0.   5.]
 [  0.   0.   2.]
 [  1.   0.   1.]
 [  1.   1.   1.]
 [  0.   0.   4.]
 [  4.   4.   0.]
 [  0.   0.   1.]
 [  0.   0.   1.]]
revenue:x1 [ 4346.     1343.     1756.      706.166  3657.      618.897  1320.     1389.
   980.999  2425.     1965.   ]
revenue:x2 [ 6021.588  1168.37   1553.047   630.359  4841.167   678.703  1140.274
  1201.012   858.49   2107.893  1676.628]
revenue:y1 [ 2569.894   450.041   588.163   235.874  1224.314   203.671   441.217
   463.736   332.634   814.729   664.564]
revenue:y2 [ 3651.259   652.964   867.739   332.958  2583.519   322.815   636.901
   671.654   476.217  1169.473   937.639]
revenue:z1 [  300.  3192.  4112.  2242.  1248.   300.   716.  1896.  2264.   416.
   416.]
costs [[      0.               0.               0.        ]
 [      0.          478047.25952813  377502.5906676 ]
 [ 307700.03718419       0.          980522.9932521 ]
 [      0.               0.          339775.29135658]
 [      0.               0.          678996.21523681]
 [  28036.14660882       0.           60377.14303536]
 [  58106.45707445   39078.22998163  123724.97690288]
 [      0.               0.          520413.39191836]
 [ 175650.4263793   111537.09512289       0.        ]
 [      0.               0.          224580.31467924]
 [      0.               0.          182808.03361648]]
revenue [       0.          1824861.74688648  3136456.78189348   664303.87195127
  1708474.84748135    14577.45310048   376610.52157305  1087727.37333097
   890799.0797284    357589.17372955   309380.24171323]
tot_pax [    0.          2682.30439458  3445.45573411  1939.99055853   831.99361165
    47.8624429    566.50445254  1549.8476168   1811.48671412   281.13288529
   304.31741137]
pax_flt [[   0.            0.            0.        ]
 [   0.          136.13198995  349.57350506]
 [ 279.66361478    0.          387.8002125 ]
 [   0.            0.          387.99811171]
 [   0.            0.          415.99680582]
 [  20.05409619    0.           27.80834671]
 [ 193.56644164  104.52587849  268.41213241]
 [   0.            0.          387.4619042 ]
 [ 294.07251853  158.79916       0.        ]
 [   0.            0.          281.13288529]
 [   0.            0.          304.31741137]]
nacc [[  1.00000000e+00   1.00000000e+00]
 [  1.64113640e+03   1.04116800e+03]
 [  2.12344498e+03   1.32201075e+03]
 [  1.17314144e+03   7.66849116e+02]
 [  6.33026397e+02   1.98967215e+02]
 [  3.04304248e+01   1.74320181e+01]
 [  3.45817346e+02   2.20687107e+02]
 [  9.47389979e+02   6.02457637e+02]
 [  1.10239155e+03   7.09095161e+02]
 [  1.71232036e+02   1.09900849e+02]
 [  1.84029470e+02   1.20287941e+02]]
p [[  1.00000000e+00   1.00000000e+00]
 [  2.92715491e-10   7.57397516e-01]
 [  4.49221639e-13   8.17193546e-01]
 [  6.54387838e-06   5.79922681e-01]
 [  4.97254816e-26   9.33700168e-01]
 [  2.73301429e-05   4.43595114e-01]
 [  4.29525502e-10   7.51424478e-01]
 [  1.47127729e-10   7.64294132e-01]
 [  7.96462343e-08   6.87735128e-01]
 [  1.17394114e-17   8.68347259e-01]
 [  1.48573753e-14   8.35785706e-01]]
profit [-5683.92448884]
{'design_group.indep_var_comp.shape': array([-0.045931,  0.078231,  0.062217,  0.093454,  0.049009, -0.080684,
        0.083728, -0.136181, -0.078868, -0.144225, -0.128841, -0.015322,
        0.034323, -0.005345, -0.045445, -0.095943, -0.090267, -0.12078 ,
        0.03074 ,  0.030075,  0.038008,  0.052271,  0.051219,  0.025886,
       -0.003979, -0.017397, -0.007247,  0.186909,  0.019605,  0.039699,
        0.05118 ,  0.033031,  0.029026,  0.025934,  0.07612 ,  0.036422,
        0.046432,  0.078841,  0.052526,  0.09596 ,  0.094634,  0.117765,
        0.125942,  0.092074,  0.051678,  0.016764,  0.015773,  0.0578  ,
        0.045755,  0.089049, -0.034881, -0.018814,  0.002601,  0.013249,
        0.021821,  0.038422,  0.044195,  0.01151 , -0.042753, -0.157925,
       -0.041704, -0.141304, -0.135107, -0.149102, -0.176954, -0.140871,
       -0.102722, -0.059074, -0.071599, -0.101867, -0.130272, -0.137723,
       -0.017404,  0.023234,  0.048334,  0.05308 ,  0.060505,  0.041145,
       -0.040059,  0.021115,  0.053604,  0.067027,  0.064175,  0.045857,
       -0.041411,  0.029364,  0.043628,  0.04342 ,  0.053827,  0.049293,
       -0.011119,  0.046447,  0.048416,  0.04055 ,  0.050664,  0.044779,
        0.005721,  0.06818 ,  0.054939,  0.041947,  0.05352 ,  0.050366,
        0.000517,  0.052504,  0.043017,  0.034205,  0.051505,  0.038506,
       -0.062832, -0.008756, -0.000446,  0.007087,  0.037474,  0.001801,
       -0.11491 , -0.059927, -0.049151, -0.014616,  0.012615, -0.018563,
       -0.119053, -0.094529, -0.063043, -0.029405, -0.005397, -0.004937,
       -0.065228,  0.053597,  0.131452,  0.183474,  0.16574 ,  0.217713,
       -0.00683 , -0.069729, -0.044115, -0.037351, -0.060202, -0.050028,
        0.004338, -0.016455, -0.035327, -0.031263, -0.03646 , -0.032551,
        0.032782,  0.008445, -0.008004, -0.000588, -0.015287, -0.009754,
        0.036365, -0.003029, -0.027297, -0.014919, -0.016459, -0.016729,
        0.049661, -0.011751, -0.036406, -0.014284, -0.002881, -0.019033,
        0.062229,  0.013447, -0.019219, -0.008998,  0.00944 , -0.034337,
        0.078962,  0.021377,  0.004907, -0.01576 , -0.005063, -0.038474,
        0.113476,  0.046263,  0.029683, -0.003817, -0.002583, -0.010598,
        0.076722, -0.010457,  0.0122  , -0.004168, -0.022332, -0.021174,
        0.010759, -0.060925, -0.093197, -0.137919, -0.170188, -0.158339]), 'design_group.indep_var_comp.twist': array([ 0.      , -0.036593,  0.004733,  0.007876, -0.004303,  0.02472 ,
       -0.022731]), 'design_group.indep_var_comp.sweep': array([-0.054241]), 'design_group.indep_var_comp.area': array([ 0.106531]), 'allocation_mission_group.inputs_comp.flt_day': array([  0.,   0.,   0.,   0.,  12.,   3.,   4.,   0.,   6.,   0.,   0.,
         5.,   0.,   0.,   2.,   1.,   0.,   1.,   1.,   1.,   1.,   0.,
         0.,   4.,   4.,   4.,   0.,   0.,   0.,   1.,   0.,   0.,   1.]), 'allocation_mission_group.inputs_comp.revenue:x1': array([ 4.346   ,  1.343   ,  1.756   ,  0.706166,  3.657   ,  0.618897,
        1.32    ,  1.389   ,  0.980999,  2.425   ,  1.965   ]), 'allocation_mission_group.inputs_comp.revenue:y1': array([ 2.569894,  0.450041,  0.588163,  0.235874,  1.224314,  0.203671,
        0.441217,  0.463736,  0.332634,  0.814729,  0.664564]), 'allocation_mission_group.inputs_comp.revenue:x2': array([ 6.021588,  1.16837 ,  1.553047,  0.630359,  4.841167,  0.678703,
        1.140274,  1.201012,  0.85849 ,  2.107893,  1.676628]), 'allocation_mission_group.inputs_comp.revenue:y2': array([ 3.651259,  0.652964,  0.867739,  0.332958,  2.583519,  0.322815,
        0.636901,  0.671654,  0.476217,  1.169473,  0.937639]), 'allocation_mission_group.inputs_comp.revenue:z1': array([ 0.3  ,  3.192,  4.112,  2.242,  1.248,  0.3  ,  0.716,  1.896,
        2.264,  0.416,  0.416]), 'allocation_mission_group.multi_mission_group.mission_0.inputs_comp.h_km_cp': array([  0.      ,  10.35209 ,   9.637666,   9.801114,   9.731797,
         9.740211,   9.772475,   9.886949,  10.056549,  10.374795,
        10.694507,  11.107989,  11.56719 ,  11.743023,  12.014062,
        12.059805,  12.300495,  12.973339,   2.77534 ,   0.      ]), 'allocation_mission_group.multi_mission_group.mission_0.inputs_comp.M0': array([ 0.864429]), 'allocation_mission_group.multi_mission_group.mission_1.inputs_comp.h_km_cp': array([  0.      ,   2.283885,   9.517857,  11.718341,  11.471231,
        11.710785,  11.696944,  11.810669,  11.862983,  11.954126,
        12.010739,  12.107551,  12.123627,  12.282498,  12.119328,
        12.894419,   7.384425,   3.297598,   0.801587,   0.      ]), 'allocation_mission_group.multi_mission_group.mission_1.inputs_comp.M0': array([ 0.865]), 'allocation_mission_group.multi_mission_group.mission_2.inputs_comp.h_km_cp': array([  0.      ,   3.353335,  11.790452,  10.563563,  11.212514,
        11.124893,  11.396046,  11.493976,  11.629653,  11.752384,
        11.837858,  12.002475,  11.976665,  12.304207,  11.890392,
        12.959757,  10.930736,   4.593093,   1.188606,   0.      ]), 'allocation_mission_group.multi_mission_group.mission_2.inputs_comp.M0': array([ 0.863749]), 'allocation_mission_group.multi_mission_group.mission_3.inputs_comp.h_km_cp': array([  0.      ,   0.787903,   3.142244,   6.627033,  10.369104,
        12.33404 ,  12.274079,  12.199388,  12.202051,  12.217892,
        12.278023,  12.275476,  12.530899,  10.15307 ,   7.172636,
         4.637384,   2.579766,   1.165995,   0.28254 ,   0.      ]), 'allocation_mission_group.multi_mission_group.mission_3.inputs_comp.M0': array([ 0.865]), 'allocation_mission_group.multi_mission_group.mission_4.inputs_comp.h_km_cp': array([  0.      ,  10.226025,  10.129094,   9.866376,  10.009642,
        10.11874 ,  10.341841,  10.502426,  10.753355,  11.008159,
        11.285974,  11.495762,  11.733091,  11.784829,  12.156365,
        11.840942,  12.801616,  11.372046,   2.050718,   0.      ]), 'allocation_mission_group.multi_mission_group.mission_4.inputs_comp.M0': array([ 0.813061]), 'allocation_mission_group.multi_mission_group.mission_5.inputs_comp.h_km_cp': array([  0.      ,   0.611339,   2.436113,   5.258926,   8.651994,
        11.545463,  13.      ,  13.      ,  13.      ,  12.522025,
        12.423772,  12.184545,  10.441223,   7.778774,   5.517264,
         3.505857,   1.979039,   0.883492,   0.217632,   0.      ]), 'allocation_mission_group.multi_mission_group.mission_5.inputs_comp.M0': array([ 0.795156]), 'allocation_mission_group.multi_mission_group.mission_6.inputs_comp.h_km_cp': array([  0.      ,   2.214406,   9.219697,  11.796525,  11.478195,
        11.736852,  11.711025,  11.826356,  11.876557,  11.961469,
        12.026964,  12.099238,  12.159559,  12.225116,  12.248215,
        12.643896,   7.20061 ,   3.22206 ,   0.781395,   0.      ]), 'allocation_mission_group.multi_mission_group.mission_6.inputs_comp.M0': array([ 0.858225]), 'allocation_mission_group.multi_mission_group.mission_7.inputs_comp.h_km_cp': array([  0.      ,   2.414538,  10.050323,  11.546091,  11.465041,
        11.652454,  11.670448,  11.776194,  11.837535,  11.933405,
        11.988602,  12.102384,  12.093759,  12.312198,  12.036121,
        13.      ,   7.88779 ,   3.409916,   0.860561,   0.      ]), 'allocation_mission_group.multi_mission_group.mission_7.inputs_comp.M0': array([ 0.865]), 'allocation_mission_group.multi_mission_group.mission_8.inputs_comp.h_km_cp': array([  0.      ,   1.408406,   5.629408,  10.625147,  12.187488,
        11.842597,  12.030189,  11.99636 ,  12.076522,  12.104191,
        12.156514,  12.200775,  12.233027,  12.303459,  12.487821,
         8.175946,   4.632962,   2.043096,   0.503667,   0.      ]), 'allocation_mission_group.multi_mission_group.mission_8.inputs_comp.M0': array([ 0.863127]), 'allocation_mission_group.multi_mission_group.mission_9.inputs_comp.h_km_cp': array([  0.      ,   5.336129,  11.675169,   9.792977,  10.695585,
        10.43858 ,  10.818874,  10.901298,  11.211396,  11.45758 ,
        11.641887,  11.780121,  11.951703,  12.010029,  12.239684,
        12.042562,  12.999989,   7.039606,   1.486818,   0.      ]), 'allocation_mission_group.multi_mission_group.mission_9.inputs_comp.M0': array([ 0.864998]), 'allocation_mission_group.multi_mission_group.mission_10.inputs_comp.h_km_cp': array([  0.      ,   4.170787,  12.040081,  10.151405,  11.027536,
        10.816799,  11.136823,  11.292572,  11.504891,  11.638092,
        11.770833,  11.906133,  11.990681,  12.146116,  12.121515,
        12.388223,  12.415268,   5.318532,   1.356051,   0.      ]), 'allocation_mission_group.multi_mission_group.mission_10.inputs_comp.M0': array([ 0.865])}
